<?xml version="1.0" encoding="UTF-8"?>
<!-- Generated by org.testng.reporters.JUnitReportReporter -->
<testsuite hostname="md2f9j9c" failures="0" tests="6" name="LambdaTest.LambdaTest.LTLandingPageTest" time="12.963" errors="0" timestamp="2021-08-29T08:11:54 IST" skipped="0">
  <testcase classname="LambdaTest.LambdaTest.LTLandingPageTest" name="Scroll_To_SeeAllIntegration_VerifyURL" time="0.582"/>
  <system-out/>
  <testcase classname="LambdaTest.LambdaTest.LTLandingPageTest" name="Navigate_To_Blog" time="1.337"/>
  <system-out/>
  <testcase classname="LambdaTest.LambdaTest.LTLandingPageTest" name="Click_On_Community_VerifyTitle" time="8.177"/>
  <system-out/>
  <testcase classname="LambdaTest.LambdaTest.LTLandingPageTest" name="Scroll_To_CodeLess_VerifySelected" time="0.144"/>
  <system-out/>
  <testcase classname="LambdaTest.LambdaTest.LTLandingPageTest" name="LoadPage_VerifyPageIsLoaded" time="1.951"/>
  <system-out/>
  <testcase classname="LambdaTest.LambdaTest.LTLandingPageTest" name="Click_On_LearnMore_VerifyTitle" time="0.772"/>
  <system-out/>
</testsuite> <!-- LambdaTest.LambdaTest.LTLandingPageTest -->
