<?xml version="1.0" encoding="UTF-8"?>
<!-- Generated by org.testng.reporters.JUnitReportReporter -->
<testsuite hostname="md2f9j9c" failures="0" tests="6" name="LambdaTest.LambdaTest.LTNavigationBasics" time="24.686" errors="0" timestamp="2021-08-29T08:58:55 IST" skipped="0">
  <testcase classname="LambdaTest.LambdaTest.LTNavigationBasics" name="LoadPage_VerifyPageIsLoaded" time="3.408"/>
  <system-out/>
  <testcase classname="LambdaTest.LambdaTest.LTNavigationBasics" name="Click_On_LearnMore_VerifyTitle" time="3.061"/>
  <system-out/>
  <testcase classname="LambdaTest.LambdaTest.LTNavigationBasics" name="Navigate_To_Blog" time="3.619"/>
  <system-out/>
  <testcase classname="LambdaTest.LambdaTest.LTNavigationBasics" name="Click_On_Community_VerifyTitle" time="5.848"/>
  <system-out/>
  <testcase classname="LambdaTest.LambdaTest.LTNavigationBasics" name="Scroll_To_CodeLess_VerifySelected" time="3.320"/>
  <system-out/>
  <testcase classname="LambdaTest.LambdaTest.LTNavigationBasics" name="Scroll_To_SeeAllIntegration_VerifyURL" time="5.430"/>
  <system-out/>
</testsuite> <!-- LambdaTest.LambdaTest.LTNavigationBasics -->
