<?xml version="1.0" encoding="UTF-8"?>
<!-- Generated by org.testng.reporters.JUnitReportReporter -->
<testsuite hostname="md2f9j9c" failures="0" tests="6" name="LambdaTest.LambdaTest.LTNavigationBasicTest" time="31.339" errors="0" timestamp="2021-08-29T18:20:29 IST" skipped="0">
  <testcase classname="LambdaTest.LambdaTest.LTNavigationBasicTest" name="Click_On_Community_VerifyTitle" time="8.352"/>
  <system-out/>
  <testcase classname="LambdaTest.LambdaTest.LTNavigationBasicTest" name="LoadPage_VerifyPageIsLoaded" time="5.020"/>
  <system-out/>
  <testcase classname="LambdaTest.LambdaTest.LTNavigationBasicTest" name="Scroll_To_CodeLess_VerifySelected" time="3.975"/>
  <system-out/>
  <testcase classname="LambdaTest.LambdaTest.LTNavigationBasicTest" name="Click_On_LearnMore_VerifyTitle" time="3.437"/>
  <system-out/>
  <testcase classname="LambdaTest.LambdaTest.LTNavigationBasicTest" name="Navigate_To_Blog" time="4.049"/>
  <system-out/>
  <testcase classname="LambdaTest.LambdaTest.LTNavigationBasicTest" name="Scroll_To_SeeAllIntegration_VerifyURL" time="6.506"/>
  <system-out/>
</testsuite> <!-- LambdaTest.LambdaTest.LTNavigationBasicTest -->
