<?xml version="1.0" encoding="UTF-8"?>
<!-- Generated by org.testng.reporters.JUnitReportReporter -->
<testsuite hostname="md2f9j9c" failures="0" tests="12" name="LambdaTest.LambdaTest.LTNavigationBasicTest" time="70.889" errors="0" timestamp="2021-08-29T18:24:25 IST" skipped="0">
  <testcase classname="LambdaTest.LambdaTest.LTNavigationBasicTest" name="Click_On_LearnMore_VerifyTitle" time="3.289"/>
  <system-out/>
  <testcase classname="LambdaTest.LambdaTest.LTNavigationBasicTest" name="Scroll_To_SeeAllIntegration_VerifyURL" time="9.351"/>
  <system-out/>
  <testcase classname="LambdaTest.LambdaTest.LTNavigationBasicTest" name="Click_On_Community_VerifyTitle" time="8.975"/>
  <system-out/>
  <testcase classname="LambdaTest.LambdaTest.LTNavigationBasicTest" name="LoadPage_VerifyPageIsLoaded" time="8.960"/>
  <system-out/>
  <testcase classname="LambdaTest.LambdaTest.LTNavigationBasicTest" name="Scroll_To_CodeLess_VerifySelected" time="4.123"/>
  <system-out/>
  <testcase classname="LambdaTest.LambdaTest.LTNavigationBasicTest" name="Navigate_To_Blog" time="5.465"/>
  <system-out/>
  <testcase classname="LambdaTest.LambdaTest.LTNavigationBasicTest" name="Click_On_Community_VerifyTitle" time="8.411"/>
  <system-out/>
  <testcase classname="LambdaTest.LambdaTest.LTNavigationBasicTest" name="Scroll_To_SeeAllIntegration_VerifyURL" time="6.479"/>
  <system-out/>
  <testcase classname="LambdaTest.LambdaTest.LTNavigationBasicTest" name="Click_On_LearnMore_VerifyTitle" time="3.786"/>
  <system-out/>
  <testcase classname="LambdaTest.LambdaTest.LTNavigationBasicTest" name="Navigate_To_Blog" time="3.768"/>
  <system-out/>
  <testcase classname="LambdaTest.LambdaTest.LTNavigationBasicTest" name="LoadPage_VerifyPageIsLoaded" time="4.363"/>
  <system-out/>
  <testcase classname="LambdaTest.LambdaTest.LTNavigationBasicTest" name="Scroll_To_CodeLess_VerifySelected" time="3.919"/>
  <system-out/>
</testsuite> <!-- LambdaTest.LambdaTest.LTNavigationBasicTest -->
